mode: set
capital-gains-cli/internal/controller/cli/cli_controller.go:18.88,22.2 1 0
capital-gains-cli/internal/controller/cli/cli_controller.go:24.49,27.16 3 0
capital-gains-cli/internal/controller/cli/cli_controller.go:27.16,28.13 1 0
capital-gains-cli/internal/controller/cli/cli_controller.go:31.2,32.16 2 0
capital-gains-cli/internal/controller/cli/cli_controller.go:32.16,33.13 1 0
capital-gains-cli/internal/controller/cli/cli_controller.go:36.2,37.16 2 0
capital-gains-cli/internal/controller/cli/cli_controller.go:37.16,38.13 1 0
capital-gains-cli/internal/controller/cli/cli_controller.go:41.2,41.17 1 0
capital-gains-cli/internal/controller/cli/cli_controller.go:44.43,49.2 3 0
capital-gains-cli/internal/controller/cli/cli_controller.go:51.45,56.2 3 0
capital-gains-cli/internal/controller/cli/cli_controller.go:58.45,59.63 1 0
capital-gains-cli/internal/controller/cli/cli_controller.go:59.63,61.17 2 0
capital-gains-cli/internal/controller/cli/cli_controller.go:61.17,62.14 1 0
capital-gains-cli/internal/controller/cli/cli_controller.go:65.3,65.25 1 0
capital-gains-cli/internal/controller/cli/cli_controller.go:68.2,68.11 1 0
capital-gains-cli/internal/controller/cli/cli_controller.go:71.69,75.31 3 0
capital-gains-cli/internal/controller/cli/cli_controller.go:75.31,77.3 1 0
capital-gains-cli/internal/controller/cli/cli_controller.go:79.2,79.14 1 0
capital-gains-cli/internal/controller/cli/cli_controller.go:82.83,86.39 3 0
capital-gains-cli/internal/controller/cli/cli_controller.go:86.39,87.16 1 0
capital-gains-cli/internal/controller/cli/cli_controller.go:87.16,88.12 1 0
capital-gains-cli/internal/controller/cli/cli_controller.go:91.3,93.19 3 0
capital-gains-cli/internal/controller/cli/cli_controller.go:93.19,95.4 1 0
capital-gains-cli/internal/controller/cli/cli_controller.go:97.3,97.58 1 0
capital-gains-cli/internal/controller/cli/cli_controller.go:100.2,100.30 1 0
capital-gains-cli/internal/controller/cli/cli_controller.go:103.93,106.43 2 0
capital-gains-cli/internal/controller/cli/cli_controller.go:106.43,108.17 2 0
capital-gains-cli/internal/controller/cli/cli_controller.go:108.17,110.4 1 0
capital-gains-cli/internal/controller/cli/cli_controller.go:112.3,112.64 1 0
capital-gains-cli/internal/controller/cli/cli_controller.go:115.2,116.21 2 0
capital-gains-cli/cmd/main.go:16.13,33.2 6 0
capital-gains-cli/internal/pkg/infrastructure/serialization/json_adapters.go:7.49,8.35 1 1
capital-gains-cli/internal/pkg/infrastructure/serialization/json_adapters.go:8.35,10.3 1 1
capital-gains-cli/internal/pkg/infrastructure/serialization/json_adapters.go:12.2,12.66 1 1
capital-gains-cli/internal/domain/entities/operation.go:42.70,46.2 2 0
capital-gains-cli/internal/domain/entities/operation.go:48.64,50.2 1 0
capital-gains-cli/internal/domain/entities/operation.go:52.66,59.2 2 0
capital-gains-cli/internal/domain/entities/operation.go:61.70,62.42 1 0
capital-gains-cli/internal/domain/entities/operation.go:62.42,65.3 2 0
capital-gains-cli/internal/domain/entities/operation.go:67.2,69.91 2 0
capital-gains-cli/internal/domain/entities/operation.go:42.70,46.2 2 1
capital-gains-cli/internal/domain/entities/operation.go:48.64,50.2 1 1
capital-gains-cli/internal/domain/entities/operation.go:52.66,59.2 2 1
capital-gains-cli/internal/domain/entities/operation.go:61.70,62.42 1 1
capital-gains-cli/internal/domain/entities/operation.go:62.42,65.3 2 1
capital-gains-cli/internal/domain/entities/operation.go:67.2,69.91 2 1
capital-gains-cli/internal/pkg/infrastructure/serialization/json_adapters.go:7.49,8.35 1 0
capital-gains-cli/internal/pkg/infrastructure/serialization/json_adapters.go:8.35,10.3 1 0
capital-gains-cli/internal/pkg/infrastructure/serialization/json_adapters.go:12.2,12.66 1 0
capital-gains-cli/internal/pkg/utils/math_utils.go:5.53,7.2 1 1
capital-gains-cli/internal/pkg/utils/math_utils.go:9.44,11.2 1 1
capital-gains-cli/internal/pkg/utils/math_utils.go:5.53,7.2 1 1
capital-gains-cli/internal/pkg/utils/math_utils.go:9.44,11.2 1 1
capital-gains-cli/internal/domain/strategies/buy_strategy.go:10.36,12.2 1 0
capital-gains-cli/internal/domain/strategies/buy_strategy.go:14.114,21.2 3 0
capital-gains-cli/internal/domain/strategies/sell_strategy.go:14.73,19.2 1 0
capital-gains-cli/internal/domain/strategies/sell_strategy.go:21.115,35.2 5 0
capital-gains-cli/internal/domain/strategies/sell_strategy.go:37.106,39.2 1 0
capital-gains-cli/internal/domain/strategies/sell_strategy.go:45.11,49.88 3 0
capital-gains-cli/internal/domain/strategies/sell_strategy.go:49.88,51.3 1 0
capital-gains-cli/internal/domain/strategies/sell_strategy.go:53.2,55.46 2 0
capital-gains-cli/internal/controller/cli/cli_controller.go:18.88,22.2 1 1
capital-gains-cli/internal/controller/cli/cli_controller.go:24.49,27.16 3 1
capital-gains-cli/internal/controller/cli/cli_controller.go:27.16,28.13 1 0
capital-gains-cli/internal/controller/cli/cli_controller.go:31.2,32.16 2 1
capital-gains-cli/internal/controller/cli/cli_controller.go:32.16,33.13 1 0
capital-gains-cli/internal/controller/cli/cli_controller.go:36.2,37.16 2 1
capital-gains-cli/internal/controller/cli/cli_controller.go:37.16,38.13 1 0
capital-gains-cli/internal/controller/cli/cli_controller.go:41.2,41.17 1 1
capital-gains-cli/internal/controller/cli/cli_controller.go:44.43,49.2 3 1
capital-gains-cli/internal/controller/cli/cli_controller.go:51.45,56.2 3 1
capital-gains-cli/internal/controller/cli/cli_controller.go:58.45,59.63 1 1
capital-gains-cli/internal/controller/cli/cli_controller.go:59.63,61.17 2 1
capital-gains-cli/internal/controller/cli/cli_controller.go:61.17,62.14 1 0
capital-gains-cli/internal/controller/cli/cli_controller.go:65.3,65.25 1 1
capital-gains-cli/internal/controller/cli/cli_controller.go:68.2,68.11 1 1
capital-gains-cli/internal/controller/cli/cli_controller.go:71.69,75.31 3 1
capital-gains-cli/internal/controller/cli/cli_controller.go:75.31,77.3 1 1
capital-gains-cli/internal/controller/cli/cli_controller.go:79.2,79.14 1 1
capital-gains-cli/internal/controller/cli/cli_controller.go:82.83,86.39 3 1
capital-gains-cli/internal/controller/cli/cli_controller.go:86.39,87.16 1 1
capital-gains-cli/internal/controller/cli/cli_controller.go:87.16,88.12 1 1
capital-gains-cli/internal/controller/cli/cli_controller.go:91.3,93.19 3 1
capital-gains-cli/internal/controller/cli/cli_controller.go:93.19,95.4 1 0
capital-gains-cli/internal/controller/cli/cli_controller.go:97.3,97.58 1 1
capital-gains-cli/internal/controller/cli/cli_controller.go:100.2,100.30 1 1
capital-gains-cli/internal/controller/cli/cli_controller.go:103.93,106.43 2 1
capital-gains-cli/internal/controller/cli/cli_controller.go:106.43,108.17 2 1
capital-gains-cli/internal/controller/cli/cli_controller.go:108.17,110.4 1 0
capital-gains-cli/internal/controller/cli/cli_controller.go:112.3,112.64 1 1
capital-gains-cli/internal/controller/cli/cli_controller.go:115.2,116.21 2 1
capital-gains-cli/internal/domain/entities/operation.go:42.70,46.2 2 1
capital-gains-cli/internal/domain/entities/operation.go:48.64,50.2 1 1
capital-gains-cli/internal/domain/entities/operation.go:52.66,59.2 2 1
capital-gains-cli/internal/domain/entities/operation.go:61.70,62.42 1 1
capital-gains-cli/internal/domain/entities/operation.go:62.42,65.3 2 1
capital-gains-cli/internal/domain/entities/operation.go:67.2,69.91 2 1
capital-gains-cli/internal/domain/strategies/buy_strategy.go:10.36,12.2 1 1
capital-gains-cli/internal/domain/strategies/buy_strategy.go:14.114,21.2 3 1
capital-gains-cli/internal/domain/strategies/sell_strategy.go:14.73,19.2 1 1
capital-gains-cli/internal/domain/strategies/sell_strategy.go:21.115,35.2 5 1
capital-gains-cli/internal/domain/strategies/sell_strategy.go:37.106,39.2 1 1
capital-gains-cli/internal/domain/strategies/sell_strategy.go:45.11,49.88 3 1
capital-gains-cli/internal/domain/strategies/sell_strategy.go:49.88,51.3 1 1
capital-gains-cli/internal/domain/strategies/sell_strategy.go:53.2,55.46 2 1
capital-gains-cli/internal/pkg/infrastructure/serialization/json_adapters.go:7.49,8.35 1 1
capital-gains-cli/internal/pkg/infrastructure/serialization/json_adapters.go:8.35,10.3 1 1
capital-gains-cli/internal/pkg/infrastructure/serialization/json_adapters.go:12.2,12.66 1 0
capital-gains-cli/internal/pkg/utils/math_utils.go:5.53,7.2 1 1
capital-gains-cli/internal/pkg/utils/math_utils.go:9.44,11.2 1 1
capital-gains-cli/internal/useCase/operation_handler.go:16.76,20.2 1 1
capital-gains-cli/internal/useCase/operation_handler.go:22.103,25.43 2 1
capital-gains-cli/internal/useCase/operation_handler.go:25.43,27.17 2 1
capital-gains-cli/internal/useCase/operation_handler.go:27.17,29.4 1 0
capital-gains-cli/internal/useCase/operation_handler.go:30.3,30.37 1 1
capital-gains-cli/internal/useCase/operation_handler.go:33.2,33.27 1 1
capital-gains-cli/internal/useCase/operation_handler.go:36.112,40.43 3 1
capital-gains-cli/internal/useCase/operation_handler.go:40.43,42.10 2 1
capital-gains-cli/internal/useCase/operation_handler.go:42.10,44.4 1 0
capital-gains-cli/internal/useCase/operation_handler.go:46.3,46.74 1 1
capital-gains-cli/internal/useCase/operation_handler.go:49.2,49.25 1 1
capital-gains-cli/internal/domain/entities/operation.go:42.70,46.2 2 1
capital-gains-cli/internal/domain/entities/operation.go:48.64,50.2 1 1
capital-gains-cli/internal/domain/entities/operation.go:52.66,59.2 2 1
capital-gains-cli/internal/domain/entities/operation.go:61.70,62.42 1 1
capital-gains-cli/internal/domain/entities/operation.go:62.42,65.3 2 1
capital-gains-cli/internal/domain/entities/operation.go:67.2,69.91 2 1
capital-gains-cli/internal/domain/strategies/buy_strategy.go:10.36,12.2 1 0
capital-gains-cli/internal/domain/strategies/buy_strategy.go:14.114,21.2 3 1
capital-gains-cli/internal/domain/strategies/sell_strategy.go:14.73,19.2 1 0
capital-gains-cli/internal/domain/strategies/sell_strategy.go:21.115,35.2 5 1
capital-gains-cli/internal/domain/strategies/sell_strategy.go:37.106,39.2 1 1
capital-gains-cli/internal/domain/strategies/sell_strategy.go:45.11,49.88 3 1
capital-gains-cli/internal/domain/strategies/sell_strategy.go:49.88,51.3 1 1
capital-gains-cli/internal/domain/strategies/sell_strategy.go:53.2,55.46 2 1
capital-gains-cli/internal/pkg/infrastructure/serialization/json_adapters.go:7.49,8.35 1 0
capital-gains-cli/internal/pkg/infrastructure/serialization/json_adapters.go:8.35,10.3 1 0
capital-gains-cli/internal/pkg/infrastructure/serialization/json_adapters.go:12.2,12.66 1 0
capital-gains-cli/internal/pkg/utils/math_utils.go:5.53,7.2 1 1
capital-gains-cli/internal/pkg/utils/math_utils.go:9.44,11.2 1 1
capital-gains-cli/internal/pkg/infrastructure/serialization/json_adapters.go:7.49,8.35 1 0
capital-gains-cli/internal/pkg/infrastructure/serialization/json_adapters.go:8.35,10.3 1 0
capital-gains-cli/internal/pkg/infrastructure/serialization/json_adapters.go:12.2,12.66 1 0
capital-gains-cli/internal/domain/interfaces/mocks/mock_tax_calculator.go:26.71,30.2 3 0
capital-gains-cli/internal/domain/interfaces/mocks/mock_tax_calculator.go:33.69,35.2 1 0
capital-gains-cli/internal/domain/interfaces/mocks/mock_tax_calculator.go:38.120,43.2 4 0
capital-gains-cli/internal/domain/interfaces/mocks/mock_tax_calculator.go:46.101,49.2 2 0
capital-gains-cli/internal/pkg/utils/math_utils.go:5.53,7.2 1 0
capital-gains-cli/internal/pkg/utils/math_utils.go:9.44,11.2 1 0
capital-gains-cli/internal/useCase/operation_handler.go:16.76,20.2 1 0
capital-gains-cli/internal/useCase/operation_handler.go:22.103,25.43 2 0
capital-gains-cli/internal/useCase/operation_handler.go:25.43,27.17 2 0
capital-gains-cli/internal/useCase/operation_handler.go:27.17,29.4 1 0
capital-gains-cli/internal/useCase/operation_handler.go:30.3,30.37 1 0
capital-gains-cli/internal/useCase/operation_handler.go:33.2,33.27 1 0
capital-gains-cli/internal/useCase/operation_handler.go:36.112,40.43 3 0
capital-gains-cli/internal/useCase/operation_handler.go:40.43,42.10 2 0
capital-gains-cli/internal/useCase/operation_handler.go:42.10,44.4 1 0
capital-gains-cli/internal/useCase/operation_handler.go:46.3,46.74 1 0
capital-gains-cli/internal/useCase/operation_handler.go:49.2,49.25 1 0
capital-gains-cli/internal/domain/entities/operation.go:42.70,46.2 2 0
capital-gains-cli/internal/domain/entities/operation.go:48.64,50.2 1 0
capital-gains-cli/internal/domain/entities/operation.go:52.66,59.2 2 0
capital-gains-cli/internal/domain/entities/operation.go:61.70,62.42 1 0
capital-gains-cli/internal/domain/entities/operation.go:62.42,65.3 2 0
capital-gains-cli/internal/domain/entities/operation.go:67.2,69.91 2 0
capital-gains-cli/internal/domain/interfaces/mocks/mock_tax_calculator.go:26.71,30.2 3 1
capital-gains-cli/internal/domain/interfaces/mocks/mock_tax_calculator.go:33.69,35.2 1 1
capital-gains-cli/internal/domain/interfaces/mocks/mock_tax_calculator.go:38.120,43.2 4 1
capital-gains-cli/internal/domain/interfaces/mocks/mock_tax_calculator.go:46.101,49.2 2 1
capital-gains-cli/internal/pkg/infrastructure/serialization/json_adapters.go:7.49,8.35 1 0
capital-gains-cli/internal/pkg/infrastructure/serialization/json_adapters.go:8.35,10.3 1 0
capital-gains-cli/internal/pkg/infrastructure/serialization/json_adapters.go:12.2,12.66 1 0
capital-gains-cli/internal/pkg/utils/math_utils.go:5.53,7.2 1 0
capital-gains-cli/internal/pkg/utils/math_utils.go:9.44,11.2 1 0
capital-gains-cli/internal/useCase/operation_handler.go:16.76,20.2 1 1
capital-gains-cli/internal/useCase/operation_handler.go:22.103,25.43 2 1
capital-gains-cli/internal/useCase/operation_handler.go:25.43,27.17 2 1
capital-gains-cli/internal/useCase/operation_handler.go:27.17,29.4 1 1
capital-gains-cli/internal/useCase/operation_handler.go:30.3,30.37 1 1
capital-gains-cli/internal/useCase/operation_handler.go:33.2,33.27 1 1
capital-gains-cli/internal/useCase/operation_handler.go:36.112,40.43 3 1
capital-gains-cli/internal/useCase/operation_handler.go:40.43,42.10 2 1
capital-gains-cli/internal/useCase/operation_handler.go:42.10,44.4 1 1
capital-gains-cli/internal/useCase/operation_handler.go:46.3,46.74 1 1
capital-gains-cli/internal/useCase/operation_handler.go:49.2,49.25 1 1
